<?xml version="1.0" encoding="UTF-8"?>
<testng-results ignored="0" total="1" passed="1" failed="0" skipped="0">
  <reporter-output>
  </reporter-output>
  <suite started-at="2021-08-02T22:09:41 IST" name="Default suite" finished-at="2021-08-02T22:09:44 IST" duration-ms="3502">
    <groups>
    </groups>
    <test started-at="2021-08-02T22:09:41 IST" name="Default test" finished-at="2021-08-02T22:09:44 IST" duration-ms="3502">
      <class name="practice.GetTest">
        <test-method signature="test_02()[pri:0, instance:practice.GetTest@482bce4f]" started-at="2021-08-02T22:09:41 IST" name="test_02" finished-at="2021-08-02T22:09:44 IST" duration-ms="3463" status="PASS">
          <reporter-output>
          </reporter-output>
        </test-method> <!-- test_02 -->
      </class> <!-- practice.GetTest -->
    </test> <!-- Default test -->
  </suite> <!-- Default suite -->
</testng-results>
