<?xml version="1.0" encoding="UTF-8"?>
<testng-results ignored="0" total="1" passed="1" failed="0" skipped="0">
  <reporter-output>
  </reporter-output>
  <suite started-at="2021-08-02T21:20:50 IST" name="Default suite" finished-at="2021-08-02T21:20:55 IST" duration-ms="4500">
    <groups>
    </groups>
    <test started-at="2021-08-02T21:20:50 IST" name="Default test" finished-at="2021-08-02T21:20:55 IST" duration-ms="4500">
      <class name="practice.PostTest">
        <test-method signature="testingPost()[pri:0, instance:practice.PostTest@482bce4f]" started-at="2021-08-02T21:20:50 IST" name="testingPost" finished-at="2021-08-02T21:20:55 IST" duration-ms="4459" status="PASS">
          <reporter-output>
          </reporter-output>
        </test-method> <!-- testingPost -->
      </class> <!-- practice.PostTest -->
    </test> <!-- Default test -->
  </suite> <!-- Default suite -->
</testng-results>
